Picked up JAVA_TOOL_OPTIONS: -Xms256m -Xmx512m
Starting a Gradle Daemon, 1 busy and 8 stopped Daemons could not be reused, use --status for details
> Task :etl-api-contract:processResources NO-SOURCE
> Task :etl-infra:processResources NO-SOURCE
> Task :etl-domain:processResources NO-SOURCE
> Task :etl-routing-engine:processResources UP-TO-DATE
> Task :etl-common:compileJava UP-TO-DATE
> Task :etl-common:processResources NO-SOURCE
> Task :etl-api-contract:compileJava NO-SOURCE
> Task :etl-common:classes UP-TO-DATE
> Task :etl-api-contract:classes UP-TO-DATE
> Task :etl-domain:compileJava NO-SOURCE
> Task :etl-domain:classes UP-TO-DATE
> Task :etl-api-contract:jar UP-TO-DATE
> Task :etl-common:jar UP-TO-DATE
> Task :etl-infra:compileJava NO-SOURCE
> Task :etl-domain:jar UP-TO-DATE
> Task :etl-infra:classes UP-TO-DATE
> Task :etl-infra:jar UP-TO-DATE
> Task :etl-routing-engine:compileJava UP-TO-DATE
> Task :etl-routing-engine:classes UP-TO-DATE
> Task :etl-routing-engine:resolveMainClassName

> Task :etl-routing-engine:bootRun
Picked up JAVA_TOOL_OPTIONS: -Xms256m -Xmx512m
Standard Commons Logging discovery in action with spring-jcl: please remove commons-logging.jar from classpath in order to avoid potential conflicts

  .   ____          _            __ _ _
 /\\ / ___'_ __ _ _(_)_ __  __ _ \ \ \ \
( ( )\___ | '_ | '_| | '_ \/ _` | \ \ \ \
 \\/  ___)| |_)| | | | | || (_| |  ) ) ) )
  '  |____| .__|_| |_|_| |_\__, | / / / /
 =========|_|==============|___/=/_/_/_/

 :: Spring Boot ::                (v3.5.6)

2026-03-15T23:14:07.999+09:00  INFO 58785 --- [           main] com.apache.sfdc.SfdcApplication          : Starting SfdcApplication using Java 21.0.10 with PID 58785 (/home/trstyq/code/etl-platform/etl-routing-engine/build/classes/java/main started by trstyq in /home/trstyq/code/etl-platform/etl-routing-engine)
2026-03-15T23:14:08.002+09:00  INFO 58785 --- [           main] com.apache.sfdc.SfdcApplication          : The following 1 profile is active: "local"
2026-03-15T23:14:08.655+09:00  INFO 58785 --- [           main] .s.d.r.c.RepositoryConfigurationDelegate : Multiple Spring Data modules found, entering strict repository configuration mode
2026-03-15T23:14:08.657+09:00  INFO 58785 --- [           main] .s.d.r.c.RepositoryConfigurationDelegate : Bootstrapping Spring Data Redis repositories in DEFAULT mode.
2026-03-15T23:14:08.698+09:00  INFO 58785 --- [           main] .s.d.r.c.RepositoryConfigurationDelegate : Finished Spring Data repository scanning in 23 ms. Found 0 Redis repository interfaces.
2026-03-15T23:14:09.150+09:00  INFO 58785 --- [           main] o.s.b.w.embedded.tomcat.TomcatWebServer  : Tomcat initialized with port 3931 (http)
2026-03-15T23:14:09.163+09:00  INFO 58785 --- [           main] o.apache.catalina.core.StandardService   : Starting service [Tomcat]
2026-03-15T23:14:09.163+09:00  INFO 58785 --- [           main] o.apache.catalina.core.StandardEngine    : Starting Servlet engine: [Apache Tomcat/10.1.46]
2026-03-15T23:14:09.212+09:00  INFO 58785 --- [           main] o.a.c.c.C.[Tomcat].[localhost].[/]       : Initializing Spring embedded WebApplicationContext
2026-03-15T23:14:09.213+09:00  INFO 58785 --- [           main] w.s.c.ServletWebServerApplicationContext : Root WebApplicationContext: initialization completed in 1170 ms
Standard Commons Logging discovery in action with spring-jcl: please remove commons-logging.jar from classpath in order to avoid potential conflicts
2026-03-15T23:14:09.947+09:00  INFO 58785 --- [           main] o.s.v.b.OptionalValidatorFactoryBean     : Failed to set up a Bean Validation provider: jakarta.validation.NoProviderFoundException: Unable to create a Configuration, because no Jakarta Bean Validation provider could be found. Add a provider like Hibernate Validator (RI) to your classpath.
2026-03-15T23:14:10.524+09:00  INFO 58785 --- [           main] o.s.b.w.embedded.tomcat.TomcatWebServer  : Tomcat started on port 3931 (http) with context path '/'
2026-03-15T23:14:10.570+09:00  INFO 58785 --- [           main] o.a.c.impl.engine.AbstractCamelContext   : Apache Camel 4.6.0 (camel-1) is starting
2026-03-15T23:14:10.577+09:00  INFO 58785 --- [           main] o.a.c.impl.engine.AbstractCamelContext   : Routes startup (total:0)
2026-03-15T23:14:10.578+09:00  INFO 58785 --- [           main] o.a.c.impl.engine.AbstractCamelContext   : Apache Camel 4.6.0 (camel-1) started in 6ms (build:0ms init:0ms start:6ms)
2026-03-15T23:14:10.581+09:00  INFO 58785 --- [           main] com.apache.sfdc.SfdcApplication          : Started SfdcApplication in 2.98 seconds (process running for 3.28)
