Picked up JAVA_TOOL_OPTIONS: -Xms256m -Xmx512m
Standard Commons Logging discovery in action with spring-jcl: please remove commons-logging.jar from classpath in order to avoid potential conflicts

  .   ____          _            __ _ _
 /\\ / ___'_ __ _ _(_)_ __  __ _ \ \ \ \
( ( )\___ | '_ | '_| | '_ \/ _` | \ \ \ \
 \\/  ___)| |_)| | | | | || (_| |  ) ) ) )
  '  |____| .__|_| |_|_| |_\__, | / / / /
 =========|_|==============|___/=/_/_/_/

 :: Spring Boot ::                (v3.5.6)

2026-03-26T17:29:05.261+09:00  INFO 446506 --- [           main] com.etl.sfdc.ETLApplication              : Starting ETLApplication v0.1.0-SNAPSHOT using Java 21.0.10 with PID 446506 (/home/trstyq/code/etl-platform/etl-main-app/build/libs/etl-main-app.jar started by trstyq in /home/trstyq/code/etl-platform)
2026-03-26T17:29:05.264+09:00  INFO 446506 --- [           main] com.etl.sfdc.ETLApplication              : The following 1 profile is active: "local"
2026-03-26T17:29:07.328+09:00  INFO 446506 --- [           main] o.s.b.w.embedded.tomcat.TomcatWebServer  : Tomcat initialized with port 8080 (http)
2026-03-26T17:29:07.348+09:00  INFO 446506 --- [           main] o.apache.catalina.core.StandardService   : Starting service [Tomcat]
2026-03-26T17:29:07.348+09:00  INFO 446506 --- [           main] o.apache.catalina.core.StandardEngine    : Starting Servlet engine: [Apache Tomcat/10.1.46]
2026-03-26T17:29:07.386+09:00  INFO 446506 --- [           main] o.a.c.c.C.[Tomcat].[localhost].[/]       : Initializing Spring embedded WebApplicationContext
2026-03-26T17:29:07.387+09:00  INFO 446506 --- [           main] w.s.c.ServletWebServerApplicationContext : Root WebApplicationContext: initialization completed in 2062 ms
Standard Commons Logging discovery in action with spring-jcl: please remove commons-logging.jar from classpath in order to avoid potential conflicts
2026-03-26T17:29:08.701+09:00  INFO 446506 --- [           main] r$InitializeUserDetailsManagerConfigurer : Global AuthenticationManager configured with UserDetailsService bean with name userSecurityServiceImpl
2026-03-26T17:29:09.170+09:00  INFO 446506 --- [           main] .w.s.a.s.AnnotationActionEndpointMapping : Supporting [WS-Addressing August 2004, WS-Addressing 1.0]
2026-03-26T17:29:09.293+09:00  INFO 446506 --- [           main] o.s.b.w.embedded.tomcat.TomcatWebServer  : Tomcat started on port 8080 (http) with context path '/'
2026-03-26T17:29:09.318+09:00  INFO 446506 --- [           main] com.etl.sfdc.ETLApplication              : Started ETLApplication in 4.741 seconds (process running for 5.351)
2026-03-26T17:33:15.940+09:00  INFO 446506 --- [ionShutdownHook] o.s.b.w.e.tomcat.GracefulShutdown        : Commencing graceful shutdown. Waiting for active requests to complete
2026-03-26T17:33:15.944+09:00  INFO 446506 --- [tomcat-shutdown] o.s.b.w.e.tomcat.GracefulShutdown        : Graceful shutdown complete
