Picked up JAVA_TOOL_OPTIONS: -Xms256m -Xmx512m
> Task :etl-api-contract:processResources NO-SOURCE
> Task :etl-infra:processResources NO-SOURCE
> Task :etl-domain:processResources NO-SOURCE
> Task :etl-common:compileJava UP-TO-DATE
> Task :etl-main-app:processResources UP-TO-DATE
> Task :etl-common:processResources NO-SOURCE
> Task :etl-api-contract:compileJava NO-SOURCE
> Task :etl-domain:compileJava NO-SOURCE
> Task :etl-common:classes UP-TO-DATE
> Task :etl-api-contract:classes UP-TO-DATE
> Task :etl-domain:classes UP-TO-DATE
> Task :etl-infra:compileJava NO-SOURCE
> Task :etl-infra:classes UP-TO-DATE
> Task :etl-infra:jar UP-TO-DATE
> Task :etl-api-contract:jar UP-TO-DATE
> Task :etl-common:jar UP-TO-DATE
> Task :etl-domain:jar UP-TO-DATE
> Task :etl-main-app:compileJava UP-TO-DATE
> Task :etl-main-app:classes UP-TO-DATE
> Task :etl-main-app:resolveMainClassName UP-TO-DATE

> Task :etl-main-app:bootRun
Picked up JAVA_TOOL_OPTIONS: -Xms256m -Xmx512m
Standard Commons Logging discovery in action with spring-jcl: please remove commons-logging.jar from classpath in order to avoid potential conflicts

  .   ____          _            __ _ _
 /\\ / ___'_ __ _ _(_)_ __  __ _ \ \ \ \
( ( )\___ | '_ | '_| | '_ \/ _` | \ \ \ \
 \\/  ___)| |_)| | | | | || (_| |  ) ) ) )
  '  |____| .__|_| |_|_| |_\__, | / / / /
 =========|_|==============|___/=/_/_/_/

 :: Spring Boot ::                (v3.5.6)

2026-03-15T23:13:56.610+09:00  INFO 58179 --- [           main] com.etl.sfdc.ETLApplication              : Starting ETLApplication using Java 21.0.10 with PID 58179 (/home/trstyq/code/etl-platform/etl-main-app/build/classes/java/main started by trstyq in /home/trstyq/code/etl-platform/etl-main-app)
2026-03-15T23:13:56.612+09:00  INFO 58179 --- [           main] com.etl.sfdc.ETLApplication              : The following 1 profile is active: "local"
2026-03-15T23:13:57.300+09:00  INFO 58179 --- [           main] o.s.b.w.embedded.tomcat.TomcatWebServer  : Tomcat initialized with port 8080 (http)
2026-03-15T23:13:57.309+09:00  INFO 58179 --- [           main] o.apache.catalina.core.StandardService   : Starting service [Tomcat]
2026-03-15T23:13:57.309+09:00  INFO 58179 --- [           main] o.apache.catalina.core.StandardEngine    : Starting Servlet engine: [Apache Tomcat/10.1.46]
2026-03-15T23:13:57.349+09:00  INFO 58179 --- [           main] o.a.c.c.C.[Tomcat].[localhost].[/]       : Initializing Spring embedded WebApplicationContext
2026-03-15T23:13:57.349+09:00  INFO 58179 --- [           main] w.s.c.ServletWebServerApplicationContext : Root WebApplicationContext: initialization completed in 707 ms
Standard Commons Logging discovery in action with spring-jcl: please remove commons-logging.jar from classpath in order to avoid potential conflicts
2026-03-15T23:13:57.772+09:00  INFO 58179 --- [           main] r$InitializeUserDetailsManagerConfigurer : Global AuthenticationManager configured with UserDetailsService bean with name userSecurityServiceImpl
2026-03-15T23:13:58.017+09:00  INFO 58179 --- [           main] .w.s.a.s.AnnotationActionEndpointMapping : Supporting [WS-Addressing August 2004, WS-Addressing 1.0]
2026-03-15T23:13:58.065+09:00  INFO 58179 --- [           main] o.s.b.w.embedded.tomcat.TomcatWebServer  : Tomcat started on port 8080 (http) with context path '/'
2026-03-15T23:13:58.070+09:00  INFO 58179 --- [           main] com.etl.sfdc.ETLApplication              : Started ETLApplication in 1.732 seconds (process running for 1.932)
